current directory: /home/hp/Active_storage/.gems/ruby/3.2.0/gems/psych-5.1.0/ext/psych
/usr/share/rvm/rubies/ruby-3.2.2/bin/ruby extconf.rb
checking for yaml.h... yes
checking for yaml_get_version() in -lyaml... yes
creating Makefile

current directory: /home/hp/Active_storage/.gems/ruby/3.2.0/gems/psych-5.1.0/ext/psych
make DESTDIR\= sitearchdir\=./.gem.20230904-9241-qikvbb sitelibdir\=./.gem.20230904-9241-qikvbb clean
cd libyaml && make clean
/bin/sh: 1: cd: can't cd to libyaml
make: [Makefile:283: clean-so] Error 2 (ignored)

current directory: /home/hp/Active_storage/.gems/ruby/3.2.0/gems/psych-5.1.0/ext/psych
make DESTDIR\= sitearchdir\=./.gem.20230904-9241-qikvbb sitelibdir\=./.gem.20230904-9241-qikvbb
compiling psych.c
compiling psych_emitter.c
compiling psych_parser.c
compiling psych_to_ruby.c
compiling psych_yaml_tree.c
linking shared-object psych.so

current directory: /home/hp/Active_storage/.gems/ruby/3.2.0/gems/psych-5.1.0/ext/psych
make DESTDIR\= sitearchdir\=./.gem.20230904-9241-qikvbb sitelibdir\=./.gem.20230904-9241-qikvbb install
/usr/bin/install -m 0755 psych.so ./.gem.20230904-9241-qikvbb

current directory: /home/hp/Active_storage/.gems/ruby/3.2.0/gems/psych-5.1.0/ext/psych
make DESTDIR\= sitearchdir\=./.gem.20230904-9241-qikvbb sitelibdir\=./.gem.20230904-9241-qikvbb clean
cd libyaml && make clean
/bin/sh: 1: cd: can't cd to libyaml
make: [Makefile:283: clean-so] Error 2 (ignored)
